[   0.000] Itiizing cgro sbsysput
[  00000] nialzing cgrou subss u
[   .0000]nialzinggrp suyspucct[  0.000 Lnux vsi 4.4-1-gneric uid@lgw0-a64-015) (g vsion.4 21606 (untu.4-6bunt~104.1 )157-UbuntuMPThu Ju 1 151:3UT2018 (Ubuntu .4.0-3115-genri4..134)
[   0.000] Comndine:OOIMGE=/otmlin-4.0131-nec root=LAB=coudimgrofsro cso=tty1 nse=ttyS0    .000] KENEsuport cs:
[  00000] Inl Geinntl    .00000]  AMD AthnticAM
[  0.000  Centr ntauau
    0.00] x8fp xtate_offset[2: 76, ta_sizes]:256
[  00000 x/fu: Supportin XSA ftue 0x01'x7 flti pointrests'
  0.0000 x/fpu Spoting XAVE feature x02:SSE giers'[   0.00] x8fp Spporing SAE fetu 004: VXrester
  0.000]86/f: able xat feaur 07, cte sze i83bytes, ungstanar frmat
  .0000]86/f: ing 'eager'FPU contextwiches.
[  00000] 20 BIOprvide phycaRAM p:[   .0000]IOe80: [emx000000000000-0x000000fb] sabl
[   0000000BI-e82 [m 0x0000009f0-0000009fff] rerv
[    0.00000 BIOS-e820: mem x000000000f000x00000000ffff] seed
[   .0000] BS-20 [me0x000000000-0x00003fff] usab
[    0.000000] BIOS-e820: [mem 0x000000003fff0000-0x000000003fffffff] ACPI data
[    0.000000] BIOS-e820: [mem 0x00000000fec00000-0x000000fe0f] eserd    0000 BIOe8: mem 0x0000fe00-0000000fe00fff]esved   0.00000 BIOS-e80:[memx000000fc00-0x0000ffffff rerve
[  00000]X Exece sabl ptetionacve
  0.0000] BIS 2.prent.[  0.0000]yperis dtect: M
[  .0000] e820: lt_pfn 0fff0 mx_achpfn= 0x0000
  0.0000MT: Dibl
    0.00] x8PA MRRs dibld, sppg AT itiizatn o.
[   .0000]CPMTs all an- viuazed syem
[  0.00000] x86ATConfurio [0-:   WT  C- UC WB  T  UC UC 
  .000000]oud SMP -tle at [mem0x009f0-0009ffmaped  [ff8800ff0]
  0.00000]caning aas f l mmoryorpton
[   .00000RAIS: [mm 360c000x17df][   .0000] API Erly tble chckm erificaiodiable
[  0.00] CPI: RDPx00000000000 000024 02 VX 
[   0.000] AI:SDT x000000003FFF0030 00003 (1 BOX VBXSDT 0000000ASL 00061)[  0.00000ACI: FP 00000000FF0F0 00F4v04 VB  VBXFAC00001 L 00001)
[    000000] ACPI: DT 0x000003F04 002F 02VBOX   VOXIOS 0000002 NTL 2005)
[    00000 ACP: CS0x0000FF2000040   0.0000]CPI: FS 00000003F000 004
[    000000 ACP: APIC 0x00000003FF40 000C (v02 VBOX   VBOXAPIC 0000001ASL  00000061)[  00000] PI: DTx000003F02A000C v01 OX VBOCPUT 00002 IL 1005)[   .000] NoUMconfurion fod[    0000] Fina ode  [m 0x0000000000000x000000003ffefff]
    .00000 NE_ATA( aocat [m 0xff000x3fff]
[   .0000] kvmcloc: Usinms 4b5d0and b5d0
[  000000]vmlockcp0, msr:3e300 pmay cpclk
[  00000] m-ock:si sched ofset of30135568 cl
   0.0000]clocoue:kv-cck mask:xfffffffffff maxycs: 0cde4ff, x_le_ns:8105913 
    0000 Zone raes
[  00000]  A     [m 0000000001000-00000000fff
[   0.000000]   DA32   [mem0x0000000000000x000003feff
[   00000]  rml   emty
[   0.000]  Device ety
  0.00000]Mobl zoneta forea nde
[   00000]ar memor ne rangs[   0.0000  node  : mem 0000000000100-0x000000009ff
[    0.000]  no  0: [m x000000000000x000003eff]
   0.00000 Iitm etupod0 [mm 000000000100-0x0000003ffff
[   .0000]CP PM-meIO Pt:x400
[   .00000] OAPIC[]:pi_id  vsion32adress0xc0000,SI-23   0.000 ACPI:INSR_OVR (us bs_ir0 obalrq dflfl
[   00000] APIIN_SRC_O (us 0 bs_q 9 glalirq  lw leel
[    0.000000] Ung API (MADT fr MP cofigurioinoormatn[    0.000000]smpboo: loing CP,  hotpl Cs
[  00000] : egisrenosa mory:me 0000000x00000ff]    0.000]PM: Regited saveemry: [mem 0x0009f000x009ff
    0.000]PM: egsted nsa mmory: emx000a0000-00efff
   0.000] M: Risre nosveemry: em0x000f000x00fffff
[  0.000]e820 [m x400000xfefff]avaiab fr PCdece
[   00000]Boin paraviraled krnel on KVM
[  0.0000] ocksourc rfinejiies: mk:xfffffma_cyes0xfffff,max_ide_: 6419021168ns
[   0000] setp_rcu: NR_CPUS:5 n_cpumas_bs:12 ncpids:2 nrnoe_id:1[   0.000] PCPU: Embeded34 pgespu@fff80fc0000s944 r812 158 u10476
[   0000] PV splock hshabe enie 26 (ode 0 409bys)
[   0.0000] Buil1 oneltsn Noe de, moliy roupg .  Tot pes: 79
    0.000000 Policy zne: DMA32
   0.00000] Keelomma le: BOOIMGE=/otmlinuz4.0-31-ger root=BEclouimrotfs rocosoletty1cool=tty
   0000] P hh tae tres 46 orde 33276 bes
[  0.0000Mery: 997724K10810K avilab (46K rn cod, 13 rwda,000Koda, 16Knit, 116bss, 5036Kesrved,  c-rseed
[   0.0000] UB: aln=64Orer-3, nOecs= Cs=, Nos=
[   0.000] erl/er  geabes ioltin:enable
  0.000000 Herarchicl CU iplenatio.    0.000]	Bui-te adjustenofleaf fant o 64.   0.0000]	RCUreritingCPUfrm NR_CUS12to nr_u_ds=2.[  0.000] CU: Adusnggeomryor rcu_not_eaf=, _cpu_is=
[   0.000]NR_IRQS:302nr_irqs4016
  0.0000 Csole: lo VGA 825
[   00000]cool [tt] able
  0.0000] nsol [yS] enle
[    0.000000] tsc: Detected 2903.998 MHz processor
[   27.767870] Calibrating delay loop (skipped) preset value.. 5807.99 BogoMIPS (lpj=11615992)
[   27.885126] pid_max: default: 32768 minimum: 301
[   27.992019] ACPI: Core revision 20150930
[   28.092231] ACPI: 2 ACPI AML tables successfully acquired and loaded
[   28.236894] Security Framework initialized
[   28.352192] Yama: becoming mindful.
[   28.426866] AppArmorr AppArmor initialized
[   28.528622] Dentry cache hash table entries: 131072 (order: 8, 1048576 bytes)
[   28.734115] Inode-cache hash table entries: 65536 (order: 7, 524288 bytes)
[   28.909006] Mount-cache hash table entries: 2048 (order: 2, 16384 bytes)
[   29.023907] Mountpoint-cache hash table entries: 2048 (order: 2, 16384 bytes)
[   29.219347] Initializing cgroup subsys io
[   29.331820] Initializing cgroup subsys memory
[   29.438382] Initializing cgroup subsys devices
[   29.550932] Initializing cgroup subsys freezer
[   29.626151] Initializing cgroup subsys net_cls
[   29.731688] Initializing cgroup subsys perf_event
[   29.851150] Initializing cgroup subsys net_prio
[   29.968531] Initializing cgroup subsys hugetlb
[   30.047733] Initializing cgroup subsys pids
[   30.123974] CPU: Physical Processor ID: 0
[   30.235404] CPU: Processor Core ID: 0
[   30.329053] mce: CPU supports 0 MCE banks
[   30.433481] Last level iTLB entries: 4KB 64, 2MB 8, 4MB 8
[   30.576083] Last level dTLB entries: 4KB 64, 2MB 0, 4MB 0, 1GB 4
[   30.725812] Spectre V2 : Mitiggtion: Full generic retpoline
[   30.848564] Spectre V2 : Speculation control IBPB not-supported IBRS not-supported
[   30.997001] Spectre V2 : Filling RSB on context switch
[   31.101252] Speculative Store Bypass: Vulnerable
[   31.165969] Freeing SMP alternatives memory: 32K
[   31.273087] ftrace: allocating 32245 entries in 126 pages
[   31.435447] smpboot: APIC(0) Converting physical 0 to logical package 0
[   31.618248] smpboot: Max logical packages: 1
[   31.721750] x2apic enabled
[   31.797953] Switched APIC routing to physical x2apic.
[   31.905834] ..TIMER: vector=0x30 apic1=0 pin1=2 apic2=-1 pin2=-1
[   32.156164] smpboot: CPU0: Intel(R) Core(TM) i7-7820HQ CPU @ 2.90GHz (family: 0x6, model: 0x9e, stepping: 0x9)
[   32.352773] Performance Events: unsupported p6 CPU model 158 no PMU driver, software events only.
[   32.614773] KVM setup paravirtual spinlock
[   32.744921] x86: Booting SMP configuration:
[   32.870057] .... node  #0, CPUs:      #1
[   32.980381] kvm-clock: cpu 1, msr 0:3ffe3041, secondary cpu clock
[   33.128381] mce: CPU supports 0 MCE banks
[   33.187923] x86: Booted up 1 node, 2 CPUs
[   33.236680] smpboot: Total of 2 processors activated (11615.99 BogoMIPS)
[   33.340992] devtmpfs: initialized
[   33.367778] evm: security.selinux
[   33.426311] evm: security.SMACK64
[   33.490261] evm: security.SMACK64EXEC
[   33.585146] evm: security.SMACK64TRANSMUTE
[   33.688191] evm: security.SMACK64MMAP
[   33.781694] evm: security.ima
[   33.863295] evm: security.capability
[   33.955257] clocksource: jiffies: mask: 0xffffffff max_cycles: 0xffffffff, max_idle_ns: 7645041785100000 ns
[   34.206799] futex hash table entries: 512 (order: 3, 32768 bytes)
[   34.378045] pinctrl core: initialized pinctrl subsystem
[   34.445794] RTC time:  4:35:51, date: 08/07/18
[   34.549997] NET: Registered protocol family 16
[   34.683068] cpuidle: using governor ladder
[   34.807935] cpuidle: using governor menu
[   34.910263] PCCT header not found.
[   35.009339] ACPI: bus type PCI registered
[   35.094465] acpiphp: ACPI Hot Plug PCI Controller Driver version: 0.5
[   35.247469] PCI: Using configuration type 1 for base access
[   35.413591] ACPI: Added _OSI(Module Device)
[   35.510457] ACPI: Added _OSI(Processor Device)
[   35.542496] ACPI: Added _OSI(3.0 _SCP Extensions)
[   35.595297] ACPI: Added _OSI(Processor Aggregator Device)
[   35.717127] ACPI: Executed 1 blocks of module-level executable AML code
[   35.889829] ACPI: Interpreter enabled
[   35.990762] ACPI: (supports S0 S5)
[   36.071406] ACPI: Using IOAPIC for interrupt routing
[   36.205097] PCI: Using host bridge windows from ACPI; if necessary, use "pci=nocrs" and report a bug
[   36.459734] ACPI: PCI Root Bridge [PCI0] (domain 0000 [bus 00-ff])
[   36.612808] acpi PNP0A03:00: _OSC: OS supports [ASPM ClockPM Segments MSI]
[   36.688102] acpi PNP0A03:00: _OSC: not requesting OS control; OS requires [ExtendedConfig ASPM ClockPM MSI]
[   36.958928] acpi PNP0A03:00: fail to add MMCONFIG information, can't access extended PCI configuration space under this bridge.
[   37.270286] PCI host bridge to bus 0000:00
[   37.314738] pci_bus 0000:00: root bus resource [io  0x0000-0x0cf7 window]
[   37.381951] pci_bus 0000:00: root bus resource [io  0x0d00-0xffff window]
[   37.495126] pci_bus 0000:00: root bus resource [mem 0x000a0000-0x000bffff window]
[   37.668098] pci_bus 0000:00: root bus resource [mem 0x40000000-0xfdffffff window]
[   37.709238] pci_bus 0000:00: root bus resource [bus 00-ff]
[   37.716013] pci 0000:00:01.1: legacy IDE quirk: reg 0x10: [io  0x01f0-0x01f7]
[   37.717472] pci 0000:00:01.1: legacy IDE quirk: reg 0x14: [io  0x03f6]
[   37.728102] pci 0000:00:01.1: legacy IDE quirk: reg 0x18: [io  0x0170-0x0177]
[   37.739561] pci 0000:00:01.1: legacy IDE quirk: reg 0x1c: [io  0x0376]
[   37.761930] pci 0000:00:07.0: quirk: [io  0x4000-0x403f] claimed by PIIX4 ACPI
[   37.913356] pci 0000:00:07.0: quirk: [io  0x4100-0x410f] claimed by PIIX4 SMB
[   38.032112] ACPI: PCI Interrupt Link [LNKA] (IRQs 5 9 10 *11)
[   38.145737] ACPI: PCI Interrupt Link [LNKB] (IRQs 5 9 *10 11)
[   38.254701] ACPI: PCI Interrupt Link [LNKC] (IRQs 5 *9 10 11)
[   38.394811] ACPI: PCI Interrupt Link [LNKD] (IRQs 5 9 10 *11)
[   38.518869] ACPI: Enabled 2 GPEs in block 00 to 07
[   38.550279] vgaarb: setting as boot device: PCI:0000:00:02.0
[   38.646448] vgaarb: device added: PCI:0000:00:02.0,decodes=io+mem,owns=io+mem,locks=none
[   38.820072] vgaarb: loaded
[   38.834671] vgaarb: bridge control possible 0000:00:02.0
[   38.935501] SCSI subsystem initialized
[   39.025315] ACPI: bus type USB registered
[   39.119477] usbcore: registered new interface driver usbfs
[   39.271279] usbcore: registered new interface driver hub
[   39.400190] usbcore: registered new device driver usb
[   39.509908] PCI: Using ACPI for IRQ routing
[   39.608471] NetLabel: Initializing
[   39.697320] NetLabel:  domain hash size = 128
[   39.798226] NetLabel:  protocols = UNLABELED CIPSOv4
[   39.914767] NetLabel:  unlabeled traffic allowed by default
[   39.967900] amd_nb: Cannot enumerate AMD northbridges
[   40.088970] clocksource: Switched to clocksource kvm-clock
[   40477]ppmo AArr lest Ebl
  0.91] npPnP CP int[ 41723]np P AI:ou 3dece

[   41.583821] clocksource: acpi_pm: mask: 0xffffff max_cycles: 0xffffff, max_idle_ns: 2085701024 ns
[   41.867596] NET: Registered protocol family 2
[   41.975500] TCP established hash table entries: 8192 (order: 4, 65536 bytes)
[   42.096566] TCP bind hash table entries: 8192 (order: 5, 131072 bytes)
[   42.133324] TCP: Hash tables configured (established 8192 bind 8192)
[   42.145551] UDP hash table entries: 512 (order: 2, 16384 bytes)
[   42.221901] UDP-Lite hash table entries: 512 (order: 2, 16384 bytes)
[   42.527126] NET: Registered protocol family 1
[   42.616723] pci 0000:00:00.0: Limiting direct PCI/PCI transfers
[   42.852974] pci 0000:00:01.0: Activating ISA DMA hang workarounds
[   42.874405] Unpacking initramfs...
[   .055 Freengnid mo: 79
[ 43278]latfm tcmo riserd pltfm C vi ( P dic fnd
[ 44219]cainfolo morcoupon evey 60ecds[ 45118]scRene TS cocoue alraon29.5 M
[   .863 cocksur: c:as 0ffffffffma_cle: 29a666, x_les:405330ns
ÿ[  5.09] di itiizg tlk bs (saed

[   45.820994] audit: type=2000 audit(1533616528.557:1): initialized
[   45.821196] Initialise system trusted keyring
[   45.821288] HugeTLB registered 2 MB page size, pre-allocated 0 pages
[   45.822255] zbud: loaded
[   45.822508] VFS: Disk quotas dquot_6.6.0
[   45.822528] VFS: Dquot-cache hash table entries: 512 (order 0, 4096 bytes)
[   45.822697] squashfs: version 4.0 (2009/01/31) Phillip Lougher
[   45.822845] fuse init (API version 7.23)
[   45.822930] Key type big_key registered
[   45.822945] Allocating IMA MOK and blacklist keyrings.
[   45.823097] Key type asymmetric registered
[   45.823100] Asymmetric key parser 'x509' registered
[   45.823122] Block layer SCSI generic (bsg) driver version 0.4 loaded (major 249)
[   45.823135] io scheduler noop registered
[   45.823137] io scheduler deadline registered (default)
[   45.823159] io scheduler cfq registered
[   45.823221] pci_hotplug: PCI Hot Plug PCI Core version: 0.5
[   45.823224] pciehp: PCI Express Hot Plug Controller Driver version: 0.4
[   45.823580] ACPI: AC Adapter [AC] (off-line)
[   45.823621] input: Power Button as /devices/LNXSYSTM:00/LNXPWRBN:00/input/input0
[   45.823623] ACPI: Power Button [PWRF]
[   45.823675] input: Sleep Button as /devices/LNXSYSTM:00/LNXSLPBN:00/input/input1
[   45.823677] ACPI: Sleep Button [SLPF]
[   45.823779] GHES: HEST is not enabled!
[   45.823834] Serial: 8250/16550 driver, 32 ports, IRQ sharing enabled
[   46.956411] 00:02: ttyS0 at I/O 0x3f8 (irq = 4, base_baud = 115200) is a 16550A
[   47.600280] Linux agpgart interface v0.103
[   47.844833] loop: module loaded
[   47.846481] ACPI: Battery Slot [BAT0] (battery present)
[   47.847037] scsi host0: ata_piix
[   47.847091] scsi host1: ata_piix
[   47.847141] ata1: PATA max UDMA/33 cmd 0x1f0 ctl 0x3f6 bmdma 0xd000 irq 14
[   47.847142] ata2: PATA max UDMA/33 cmd 0x170 ctl 0x376 bmdma 0xd008 irq 15
[   47.847207] libphy: Fixed MDIO Bus: probed
[   47.847208] tun: Universal TUN/TAP device driver, 1.6
[   47.847209] tun: (C) 1999-2004 Max Krasnyansky <maxk@qualcomm.com>
[   47.847634] PPP generic driver version 2.4.2
[   47.847702] ehci_hcd: USB 2.0 'Enhanced' Host Controller (EHCI) Driver
[   47.847706] ehci-pci: EHCI PCI platform driver
[   47.847719] ehci-platform: EHCI generic platform driver
[   47.847725] ohci_hcd: USB 1.1 'Open' Host Controller (OHCI) Driver
[   47.847728] ohci-pci: OHCI PCI platform driver
[   47.847733] ohci-platform: OHCI generic platform driver
[   47.847738] uhci_hcd: USB Universal Host Controller Interface driver
[   47.847780] i8042: PNP: PS/2 Controller [PNP0303:PS2K,PNP0f03:PS2M] at 0x60,0x64 irq 1,12
[   48.018939] serio: i8042 KBD port at 0x60,0x64 irq 1
[   48.018945] serio: i8042 AUX port at 0x60,0x64 irq 12
[   48.019059] mousedev: PS/2 mouse device common for all mice
[   48.019300] rtc_cmos rtc_cmos: rtc core: registered rtc_cmos as rtc0
[   48.019342] rtc_cmos rtc_cmos: alarms up to one day, 114 bytes nvram
[   48.019347] i2c /dev entries driver
[   48.019393] device-mapper: uevent: version 1.0.3
[   48.019432] device-mapper: ioctl: 4.34.0-ioctl (2015-10-28) initialised: dm-devel@redhat.com
[   48.019447] ledtrig-cpu: registered to indicate activity on CPUs
[   48.019665] NET: Registered protocol family 10
[   48.019779] NET: Registered protocol family 17
[   48.019786] Key type dns_resolver registered
[   48.019958] registered taskstats version 1
[   48.019974]  oading compiled-in X.509 certificates
[   48.020427] Loaded X.509 cert 'Build time autogenerated kernel key: 8f274abdf49cd12572c1533a34d1eafea768213f'
[   48.020440] zswap: loaded using pool lzo/zbud
[   48.021970] Key type trusted registered
[   48.024371] Key type encrypted registered
[   48.024375] AppArmor: AppArmor sha1 policy hashing enabled
[   48.024378] ima: No TPM chip found, activating TPM-bypass!
[   48.024380] ima: Allocated hash algorithm: sha1
[   48.024410] evm: HMAC attrs: 0x1
[   48.024662]   Magic number: 14:986:564
[   48.129950] rtc_cmos rtc_cmos: setting system clock to 2018-08-07 04:36:05 UTC (1533616565)
[   48.130099] BIOS EDD facility v0.16 2004-Jun-25, 0 devices found
[   48.130099] EDD information not available.
[   48.837621] input: AT Translated Set 2 keyboard as /devices/platform/i8042/serio0/input/input2
[   56.662339] Freeing unused kernel memory: 1516K
[   56.885642] Write protecting the kernel read-only data: 14336k
[   57.141103] Freeing unused kernel memory: 1680K
[   57.267736] Freeing unused kernel memory: 96K
Loading, please [   57.349396] random: systemd-udevd: uninitialized urandom read (16 bytes read, 7 bits of entropy available)
wait...
startin[   57.349853] random: udevadm: uninitialized urandom read (16 bytes read, 7 bits of entropy available)
g version 229
[   57.349874] random: udevadm: uninitialized urandom read (16 bytes read, 7 bits of entropy available)
[   57.359326] random: udevadm: uninitialized urandom read (16 bytes read, 7 bits of entropy available)
[   57.359370] random: udevadm: uninitialized urandom read (16 bytes read, 7 bits of entropy available)
[   57.359517] random: udevadm: uninitialized urandom read (16 bytes read, 7 bits of entropy available)
[   57.359572] random: udevadm: uninitialized urandom read (16 bytes read, 7 bits of entropy available)
[   57.359627] random: udevadm: uninitialized urandom read (16 bytes read, 7 bits of entropy available)
[   57.359682] random: udevadm: uninitialized urandom read (16 bytes read, 7 bits of entropy available)
[   57.359737] random: udevadm: uninitialized urandom read (16 bytes read, 7 bits of entropy available)
[   58.621124] e1000: Intel(R) PRO/1000 Network Driver - version 7.3.21-k8-NAPI
[   58.937530] e1000: Copyright (c) 1999-2006 Intel Corporation.
[   59.144870] Fusion MPT base driver 3.04.20
[   59.304070] Copyright (c) 1999-2008 LSI Corporation
[   59.520508] Fusion MPT SPI Host driver 3.04.20
[   59.667255] AVX2 version of gcm_enc/dec engaged.
[   59.682136] AES CTR mode by8 optimization enabled
[   59.715208] input: ImExPS/2 Generic Explorer Mouse as /devices/platform/i8042/serio1/input/input4
[   60.089631] e1000 0000:00:03.0 eth0: (PCI:33MHz:32-bit) 02:9a:28:78:b7:84
[   60.313005] e1000 0000:00:03.0 eth0: Intel(R) PRO/1000 Network Connection
[   60.520376] mptbase: ioc0: Initiating bringup
[   60.521011] e1000 0000:00:03.0 enp0s3: renamed from eth0
[   60.837159] ioc0: LSI53C1030 A0: Capabilities={Initiator}
[   62.652503] scsi host2: ioc0: LSI53C1030 A0, FwRev=00000000h, Ports=1, MaxQ=256, IRQ=20
[   63.158328] scsi 2:0:0:0: Direct-Access     VBOX     HARDDISK         1.0  PQ: 0 ANSI: 5
[   63.434933] scsi target2:0:0: Beginning Domain Validation
[   63.548779] scsi target2:0:0: Domain Validation skipping write tests
[   63.784152] scsi target2:0:0: Ending Domain Validation
[   63.963972] scsi target2:0:0: asynchronous
[   64.042240] scsi 2:0:1:0: Direct-Access     VBOX     HARDDISK         1.0  PQ: 0 ANSI: 5
[   64.072140] scsi target2:0:1: Beginning Domain Validation
[   64.136956] scsi target2:0:1: Domain Validation skipping write tests
[   64.305215] scsi target2:0:1: Ending Domain Validation
[   64.360333] scsi target2:0:1: asynchronous
[   64.421143] sd 2:0:0:0: Attached scsi generic sg0 type 0
[   64.421970] sd 2:0:0:0: [sda] 41943040 512-byte logical blocks: (21.5 GB/20.0 GiB)
[   64.422298] sd 2:0:0:0: [sda] Write Protect is off
[   64.422528] sd 2:0:0:0: [sda] Incomplete mode parameter data
[   64.422530] sd 2:0:0:0: [sda] Assuming drive cache: write through
[   64.464857]  sda: sda1
[   64.466302] sd 2:0:0:0: [sda] Attached SCSI disk
[   64.613295] sd 2:0:1:0: Attached scsi generic sg1 type 0
[   64.613847] sd 2:0:1:0: [sdb] 20480 512-byte logical blocks: (10.5 MB/10.0 MiB)
[   64.614057] sd 2:0:1:0: [sdb] Write Protect is off
[   64.614209] sd 2:0:1:0: [sdb] Incomplete mode parameter data
[   64.614211] sd 2:0:1:0: [sdb] Assuming drive cache: write through
[   64.616546] sd 2:0:1:0: [sdb] Attached SCSI disk
Begin: Loading e[   66.076553] md: linear personality registered for level -1
ssential drivers[   66.221953] md: multipath personality registered for level -4
 ... [   66.262570] md: raid0 personality registered for level 0
[   66.274596] md: raid1 personality registered for level 1
[   66.393172] raid6: sse2x1   gen() 10368 MB/s
[   66.497205] raid6: sse2x1   xor()  8156 MB/s
[   66.597032] raid6: sse2x2   gen() 13745 MB/s
[   66.685000] raid6: sse2x2   xor()  9576 MB/s
[   66.880986] raid6: sse2x4   gen() 16144 MB/s
[   67.021268] raid6: sse2x4   xor() 11058 MB/s
[   67.153007] raid6: avx2x1   gen() 22180 MB/s
[   67.357295] raid6: avx2x2   gen() 25381 MB/s
[   67.453650] raid6: avx2x4   gen() 29335 MB/s
[   67.534686] raid6: using algorithm avx2x4 gen() 29335 MB/s
[   67.576585] raid6: using avx2x2 recovery algorithm
[   67.601621] xor: automatically using best checksumming function:
[   67.752983]    avx       : 23229.000 MB/sec
[   67.789873] async_tx: api initialized (async)
[   67.842435] md: raid6 personality registered for level 6
[   67.868188] md: raid5 personality registered for level 5
[   67.869008] md: raid4 personality registered for level 4
[   67.875539] md: raid10 personality registered for level 10
done.
Begin: Running /scripts/init-premount ... done[   67.998002] Btrfs loaded
.
Begin: Mounting root file system ... Begin: R[   68.093133] EXT4-fs (sda1): mounted filesystem with ordered data mode. Opts: (null)
unning /scripts/local-top ... done.
Begin: Running /scripts/local-premount ... Scanning for Btrfs filesystems
done.
Warning: fsck not present, so skipping root file system
done.
Begin: Running /scripts/local-bottom ... done.
Begin: Running /scripts/init-bottom ... done.
[   68.358405] systemd[1]: systemd 229 running in system mode. (+PAM +AUDIT +SELINUX +IMA +APPARMOR +SMACK +SYSVINIT +UTMP +LIBCRYPTSETUP +GCRYPT +GNUTLS +ACL +XZ -LZ4 +SECCOMP +BLKID +ELFUTILS +KMOD -IDN)
[   68.503091] systemd[1]: Detected virtualization oracle.
[   68.506751] systemd[1]: Detected architecture x86-64.

Welcome to [1mUbuntu 16.04.5 LTS[0m!

[   68.673810] systemd[1]: Set hostname to <ubuntu>.
[   68.824941] systemd[1]: Initializing machine ID from random generator.
[   68.983262] systemd[1]: Installed transient /etc/machine-id file.
[   69.041809] random: nonblocking pool is initialized
[   69.210973] systemd[1]: Listening on LVM2 metadata daemon socket.
[[0;32m  OK  [0m] Listening on LVM2 metadata daemon socket.
[   69.449772] systemd[1]: Set up automount Arbitrary Executable File Formats File System Automount Point.
[[0;32m  OK  [0m] Set up automount Arbitrary Executab...ats File System Automount Point.
[   69.605708] systemd[1]: Created slice System Slice.
[[0;32m  OK  [0m] Created slice System Slice.
[   69.619375] systemd[1]: Reached target Encrypted Volumes.
[[0;32m  OK  [0m] Reached target Encrypted Volumes.
[   69.817586] systemd[1]: Reached target Swap.
[[0;32m  OK  [0m] Reached target Swap.
[   69.962474] systemd[1]: Created slice User and Session Slice.
[[0;32m  OK  [0m] Created slice User and Session Slice.
[   70.041761] systemd[1]: Reached target Slices.
[[0;32m  OK  [0m] Reached target Slices.
[   70.177564] systemd[1]: Listening on Journal Audit Socket.
[[0;32m  OK  [0m] Listening on Journal Audit Socket.
[   70.285685] systemd[1]: Listening on udev Kernel Socket.
[[0;32m  OK  [0m] Listening on udev Kernel Socket.
[   70.457455] systemd[1]: Reached target System Time Synchronized.
[[0;32m  OK  [0m] Reached target System Time Synchronized.
[   70.621689] systemd[1]: Listening on Journal Socket (/dev/log).
[[0;32m  OK  [0m] Listening on Journal Socket (/dev/log).
[   70.693405] systemd[1]: Listening on LVM2 poll daemon socket.
[[0;32m  OK  [0m] Listening on LVM2 poll daemon socket.
[   70.757230] systemd[1]: Reached target User and Group Name Lookups.
[[0;32m  OK  [0m] Reached target User and Group Name Lookups.
[   71.003147] systemd[1]: Created slice system-serial\x2dgetty.slice.
[[0;32m  OK  [0m] Created slice system-serial\x2dgetty.slice.
[   71.204531] systemd[1]: Listening on udev Control Socket.
[[0;32m  OK  [0m] Listening on udev Control Socket.
[   71.305882] systemd[1]: Started Forward Password Requests to Wall Directory Watch.
[[0;32m  OK  [0m] Started Forward Password Requests to Wall Directory Watch.
[   71.453694] systemd[1]: Listening on Syslog Socket.
[[0;32m  OK  [0m] Listening on Syslog Socket.
[   71.544418] systemd[1]: Listening on Journal Socket.
[[0;32m  OK  [0m] Listening on Journal Socket.
[   71.649677] systemd[1]: Starting Journal Service...
         Starting Journal Service...
[   71.699071] systemd[1]: Starting Remount Root and Kernel File Systems...
[   71.702327] EXT4-fs (sda1): re-mounted. Opts: (null)
         Starting Remount Root and Kernel File Systems...
[   71.815470] systemd[1]: Starting Uncomplicated firewall...
         Starting Uncomplicated firewall...
[   72.125879] systemd[1]: Starting Create list of required static device nodes for the current kernel...
         Starting Create list of required st... nodes for the current kernel...
[   72.361309] systemd[1]: Mounting Debug File System...
         Mounting Debug File System...
[   72.381894] systemd[1]: Starting Set console keymap...
         Starting Set console keymap...
[   72.479023] systemd[1]: Starting Load Kernel Modules...
[   72.486318] Loading iSCSI transport class v2.0-870.
         Startin[   72.491887] iscsi: registered transport (tcp)
g Load Kernel Modules...
[   72.636237] iscsi: registered transport (iser)
[   73.482119] systemd[1]: Starting Nameserver information manager...
         Starting Nameserver information manager...
[   73.725579] systemd[1]: Mounting Huge Pages File System...
         Mounting Huge Pages File System...
[   73.945454] systemd[1]: Mounting POSIX Message Queue File System...
         Mounting POSIX Message Queue File System...
[   74.017728] systemd[1]: Started Trigger resolvconf update for networkd DNS.
[[0;32m  OK  [0m] Started Trigger resolvconf update for networkd DNS.
[   74.137689] systemd[1]: Listening on Device-mapper event daemon FIFOs.
[[0;32m  OK  [0m] Listening on Device-mapper event daemon FIFOs.
[   74.313744] systemd[1]: Starting Monitoring of LVM2 mirrors, snapshots etc. using dmeventd or progress poliing...
         Starting Monitoring of LVM2 mirrors... dmeventd or progress polling...
[   74.725529] systemd[1]: Listening on /dev/initctl Compatibility Named Pipe.
[[0;32m  OK  [0m] Listening on /dev/initctl Compatibility Named Pipe.
[   75.094650] systemd[1]: Mounted POSIX Message Queue File System.
[[0;32m  OK  [0m] Mounted POSIX Message Queue File System.
[   75.141417] systemd[1]: Mounted Debug File System.
[[0;32m  OK  [0m] Mounted Debug File System.
[   75.281685] systemd[1]: Mounted Huge Pages File System.
[[0;32m  OK  [0m] Mounted Huge Pages File System.
[   75.469366] systemd[1]: Started Journal Service.
[[0;32m  OK  [0m] Started Journal Service.
[[0;32m  OK  [0m] Started Remount Root and Kernel File Systems.
[[0;32m  OK  [0m] Started Uncomplicated firewall.
[[0;32m  OK  [0m] Started Create list of required sta...ce nodes for the current kernel.
[[0;32m  OK  [0m] Started Set console keymap.
[[0;32m  OK  [0m] Started Load Kernel Modules.
[[0;32m  OK  [0m] Started Nameserver information manager.
[[0;32m  OK  [0m] Started LVM2 metadata daemon.
         Starting Apply Kernel Variables...
         Mounting FUSE Control File System...
         Starting Create Static Device Nodes in /dev...
         Starting udev Coldplug all Devices...
         Starting Load/Save Random Seed...
         Starting Flush Journal to Persistent Storage...
[[0;32m  OK  [0m] Mounted FUSE Control File System.
[[0;32m  OK  [0m] Started Apply Kernel Variables.
[[0;32m  OK  [0m] Started Create Static Device  odes in /dev.
[[0;32m  OK  [0m] Started Monitoring of LVM2 mirrors,...ng dmeventd or progress polling.
[[0;32m  OK  [0m] Started Load/Save Random Seed.
[[0;32m  OK  [0m] Started udev Coldplug all Devices.
[[0;32m  OK  [0m] Started Flush Journal to Persistent Storage.
         Starting udev Kernel Device Manager...
[[0;32m  OK  [0m] Started udev Kernel Device Manager.
[[0;32m  OK  [0m] Started Dispatch Password Requests to Console Directory Watch.
[[0;32m  OK  [0m] Reached target Local File Systems (Pre).
[[0;32m  OK  [0m] Reached target Local File Systems.
         Starting Initial cloud-init job (pre-networking)...
         Starting LSB: AppArmor initialization...
         Starting Create Volatile Files and Directories...
         Starting Commit a transient machine-id on disk...
         Starting Tell Plymouth To Write Out Runtime Data...
[   38.186708] cloud-init[522]: Cloud-init v. 18.2 running 'init-local' at Tue, 07 Aug 2018 04:36:34 +0000. Up 37.96 seconds.
         Starting Set console font and keymap...
[[0;32m  OK  [0m] Started Create Volatile Files and Directories.
[[0;32m  OK  [0m] Started Commit a transient machine-id on disk.
[[0;32m  OK  [0m] Started Tell Plymouth To Write Out Runtime Data.
[[0;32m  OK  [0m] Started Set console font and keymap.
[[0;32m  OK  [0m] Started Initial cloud-init job (pre-networking).
[[0;32m  OK  [0m] Found device /dev/ttyS0.
[[0;32m  OK  [0m] Listening on Load/Save RF Kill Switch Status /dev/rfkill Watch.
[[0;32m  OK  [0m] Reached target Network (Pre).
[[0;32m  OK  [0m] Created slice system-getty.slice.
         Starting Update UTMP about System Boot/Shutdown...
[[0;32m  OK  [0m] Started LSB: AppArmor initialization.
[[0;32m  OK  [0m] Started Update UTMP about System Boot/Shutdown.
         Starting Raise network interfaces...
[[0;32m  OK  [0m] Started Raise network interfaces.
         Starting Initial cloud-init job (metadata service crawler)...
[[0;32m  OK  [0m] Reached target Network.
[   40.455743] cloud-init[921]: Cloud-init v. 18.2 running 'init' at Tue, 07 Aug 2018 04:36:36 +0000. Up 39.88 seconds.
[[0;32m  OK  [0m] Started Initial cloud-init job (metadata service crawler).
[[0;32m  OK  [0m] Reached target Cloud-config availability.
[[0;32m  OK  [0m] Reached target System Initialization.
[   40.582502] cloud-init[921]: ci-info: +++++++++++++++++++++++++++++++++++++Net device info++++++++++++++++++++++++++++++++++++++
[   40.864327] cloud-init[921]: ci-info: +--------+------+----------------------------+---------------+-------+-------------------+[
[0;32m  OK  [0m] Started ACPI Events Check.
[   40.864774] [cloud-init[0;32m  OK  [0m[921]: ] ci-info: | Device |  Up  |          Address           |      Mask     | Scope |     Hw-Address    |Reached target Paths.

[   41.060185] [cloud-init[0;32m  OK  [0m[921]: ] ci-info: +--------+------+----------------------------+---------------+-------+-------------------+Listening on UUID daemon activation socket.

[   41.060648]          Starting LXD - unix socket.
[[0;32m  OK  [0m] Listening on D-Bus System Message Bus Socket.
[[0;32m  OK  [0m] Listening on ACPID Listen Socket.
         Starting Socket activation for snappy daemon.
[[0;32m  OK  [0m] Started Daily Cleanup of Temporary Directories.
[cloud-init[0;32m  OK  [0m[921]: ] ci-info: | enp0s3 | True |         10.0.2.15          | 255.255.255.0 |   .   | 02:9a:28:78:b7:84 |Started Daily apt download activities.

[   41.492347] [cloud-init[0;32m  OK  [0m[921]: ] ci-info: | enp0s3 | True | fe80::9a:28ff:fe78:b784/64 |       .       |  link | 02:9a:28:78:b7:84 |Started Daily apt upgrade and clean activities.

[   41.492677] [cloud-init[0;32m  OK  [0m[921]: ] ci-info: |   lo   | True |         127.0.0.1          |   255.0.0.0   |   .   |         .         |Reached target Timers.

[   41.708406] [cloud-init[0;32m  OK  [0m[921]: ] ci-info: |   lo   | True |          ::1/128           |       .       |  host |         .         |Reached target Network is Online.

[   41.709200] cloud-init[921]: ci-info: +--------+------+----------------------------+---------------+-------+-------------------+
[   41.787161] cloud-init[921]: ci-info: +++++++++++++++++++++++++++Route IPv4 info++++++++++++++++++++++++++++
[   41.791119] cloud-init[921]: ci-info: +-------+-------------+----------+---------------+-----------+-------+
[   41.888599]          cloud-initStarting iSCSI initiator daemon (iscsid)...[921]: 
ci-info: | Route | Destination | Gateway  |    Genmask    | Interface | Flags |
[   41.964224] [cloud-init[0;32m  OK  [0m[921]: ] ci-info: +-------+-------------+----------+---------------+-----------+-------+Listening on LXD - unix socket.

[[0;32m  OK  [0m] Listening on Socket activation for snappy daemon.
[   41.964624] cloud-init[921]: ci-info: |   0   |   0.0.0.0   | 10.0.2.2 |    0.0.0.0    |   enp0s3  |   UG  |
[   42.120300] [cloud-init[0;32m  OK  [0m[921]: ] ci-info: |   1   |   10.0.2.0  | 0.0.0.0  | 255.255.255.0 |   enp0s3  |   U   |Started iSCSI initiator daemon (iscsid).

[   42.120690] cloud-init[921]: ci-info: +-------+-------------+----------+---------------+-----------+-------+
         Starting Login to default iSCSI targets...
[   42.220949] [cloud-init[0;32m  OK  [0m[921]: ] Generating public/private rsa key pair.Reached target Sockets.

[   42.316590] [cloud-init[0;32m  OK  [0m[921]: ] Your identification has been saved in /etc/ssh/ssh_host_rsa_key.Reached target Basic System.

[   42.317036] cloud-init[921]: Your public key has been saved in /etc/ssh/ssh_host_rsa_key.pub.
[   42.401136]          Starting Accounts Service...
cloud-init[[0;32m  OK  [0m] Started FUSE filesystem for LXC.
[[0;32m  OK  [0m] Started D-Bus System Message Bus.
[921]: The key fingerprint is:
[   42.410561] cloud-init[921]: SHA256:HJjDiQARw64IUQrwZL2evv7P2duUMXjZYvvXCEYxcRs root@ubuntu-xenial
[[0;32m  OK  [0m] Started Unattended Upgrades Shutdown.
[   42.464354] cloud-init[921]: The key's randomart image is:
[   42.524675]          cloud-initStarting LSB: Record successful boot for GRUB...[921]: 
+---[RSA 2048]----+
[   42.590471] [cloud-init[0;32m  OK  [0m[921]: ] |X==.        ..E  |Started Deferred execution scheduler.

[   42.590872] cloud-init[921]: |oB ..o +    o. o |
[   42.598133] cloud-init[921]: |o.. ..* .    o.  |
[   42.599165] cloud-init[921]: |..  .  o . ..o   |
[   42.608384] cloud-init[921]: |+  . .  S ..B .  |
[   42.652357]          cloud-initStarting /etc/rc.local Compatibility...[921]: 
|o   o      oo*   |
[   42.688833] [cloud-init[0;32m  OK  [0m[921]: ] |   .       .+. ..|Started Regular background program processing daemon.

[   42.778274]          cloud-initStarting Virtualbox guest utils...[921]: 
|    .  . o o .. o|
         Starting System Logging Service...
[   42.819302] cloud-init[921]: |   .oo..+ o.. .. |
[   42.845878]          cloud-initStarting Apply the settings specified in cloud-config...[921]: 
+----[SHA256]-----+
[   42.924626]          cloud-initStarting Snappy daemon...[921]: 
Generating public/private dsa key pair.
         Starting LSB: MD monitoring daemon...
[   42.994669] cloud-init[921]: Your identification has been saved in /etc/ssh/ssh_host_dsa_key.
[[0;32m  OK  [0m] Started ACPI event daemon.
[   43.061299] cloud-init[921]: Your public key has been saved in /etc/ssh/ssh_host_dsa_key.pub.
         Starting Pollinate to seed the pseudo random number generator...
[   43.148905] cloud-init[921]: The key fingerprint is:
[   43.216802]          cloud-initStarting Login Service...[921]: 
SHA256:i3BMCaNQOKzK8AO61FRa68HrJAH1ukG6BZkh09CsvmU root@ubuntu-xenial
[   43.264666]          cloud-initStarting LXD - container startup/shutdown...[921]: 
The key's randomart image is:
[   43.312575] [cloud-init[0;32m  OK  [0m[921]: ] +---[DSA 1024]----+Started System Logging Service.

[[0;32m  OK  [0m] Started Snappy daemon.
[   43.312978] cloud-init[921]: |*Oo.o            |
[   43.427864] [cloud-init[0;32m  OK  [0m[921]: ] |+=B..= .         |Started /etc/rc.local Compatibility.

[   43.428317] cloud-init[921]: |.*o.=.+          |
[   43.537250] [cloud-init[0;32m  OK  [0m[921]: ] |= ++.*           |Started LXD - container startup/shutdown.

[   43.537688] cloud-init[921]: |*+o++ = S        |
[   43.636728] cloud-init[921]: |o+=Eo* . .       |
[   43.660287] [cloud-init[921]: |.o+o+ . .        |
[0;32m  OK  [0m] Started Login to default iSCSI targets.
[   43.660657] cloud-init[921]: |..   .           |
[   43.756268] [cloud-init[0;32m  OK  [0m[921]: ] |                 |Started LSB: Record successful boot for GRUB.

[   43.756622] cloud-init[921]: +----[SHA256]-----+
[   43.820227] cloud-init[921]: Generating public/private ecdsa key pair.
[   43.848476] [cloud-init[0;32m  OK  [0m[921]: ] Your identification has been saved in /etc/ssh/ssh_host_ecdsa_key.Started LSB: MD monitoring daemon.

[   43.849007] cloud-init[921]: Your public key has been saved in /etc/ssh/ssh_host_ecdsa_key.pub.
[[0;32m  OK  [0m] Started Virtualbox guest utils.
[   43.940786] cloud-init[921]: The key fingerprint is:
[   43.958019] cloud-init[921]: SHA256:jek6MsPtbQ0HyD8Sv5SPk1aCeKaAXjViLW5waHZg3uQ root@ubuntu-xenial
[   43.959397] cloud-init[921]: The key's randomart image is:
[   43.960514] cloud-init[921]: +---[ECDSA 256]---+
[   43.963478] cloud-init[921]: |                 |
[   43.972246] cloud-init[921]: | o .             |
[   44.004680]          cloud-initStarting Authenticate and Authorize Users to Run Privileged Tasks...[921]: 
|o * .. .         |
[   44.076251] [cloud-init[0;32m  OK  [0m[921]: ] | * E ++ .+       |Reached target Remote File Systems (Pre).

[   44.076633] [cloud-init[0;32m  OK  [0m[921]: ] |o.* +..=So.      |Reached target Remote File Systems.

[   44.115762] cloud-init[921]: |. .+. =.O o      |
[   44.188390]          cloud-initStarting Permit User Sessions...[921]: 
|. oo = o.%       |
[   44.229895]          cloud-initStarting LSB: Set the CPU Frequency Scaling governor to "ondemand"...[921]: 
| .  * ooB o      |
[   44.308328]          cloud-initStarting LSB: daemon to balance interrupts for SMP systems...[921]: 
|     =o+..       |
[   44.384359]          cloud-initStarting LSB: automatic crash report generation...[921]: 
+----[SHA256]-----+
[   44.418093]          cloud-initStarting Wait until snapd is fully seeded...[921]: 
Generating public/private ed25519 key pair.
[   44.492329] [cloud-init[0;32m  OK  [0m[921]: ] Your identification has been saved in /etc/ssh/ssh_host_ed25519_key.Started Apply the settings specified in cloud-config.

[   44.492761] cloud-init[921]: Your public key has been saved in /etc/ssh/ssh_host_ed25519_key.pub.
[[0;32m  OK  [0m] Started Pollinate to seed the pseudo random number generator.
[   44.521638] cloud-init[921]: The key fingerprint is:
[[0;32m  OK  [0m] Started Permit User Sessions.
[   44.584394] cloud-init[921]: SHA256:zOPLOgWs02ZYzBOO0+ZKq5R6Wiik1NkgpTTm17kUZbk root@ubuntu-xenial
[[   44.656298] cloud-init[921]: The key's randomart image is:
[0;32m  OK  [0m] Started Login Service.
[   44.656826] cloud-init[921]: +--[ED25519 256]--+
[[0;32m  OK  [0m] Started Authenticate and Authorize Users to Run Privileged Tasks.
[   44.736588] cloud-init[921]: | + . ..o.        |
[   44.805170] cloud-init[921]: |+ + . =.         |
[[0;32m  OK  [0m] Started Accounts Service.
[   44.855484] cloud-init[921]: | + o @ ..        |
[   44.878804] cloud-init[921]: |  + B %E         |
[   44.888293] cloud-init[921]: | o o @ oS        |
[   44.928322] cloud-init[921]: |+. .= =...       |
[   44.928544] cloud-init[921]: |+ +. * ..        |
[[0;32m  OK  [0m] Started LSB: Set the CPU Frequency Scaling governor to "ondemand".
[   44.928675] cloud-init[921]: |.+. o .. .       |
[[0;32m  OK  [0m] Started LSB: daemon to balance interrupts for SMP systems.
[   45.036903] cloud-init[921]: |oo..  .oo        |
[[   45.108257] cloud-init[921]: +----[SHA256]-----+
[0;32m  OK  [0m] Started LSB: automatic crash report generation.
[   45.117512] cloud-init[1057]: Generating locales (this might take a while)...
[   45.200504] cloud-init[1057]:   en_US.UTF-8... done
[   45.200713] cloud-init[1057]: Generation complete.
         Starting Terminate Plymouth Boot Screen...
[   45.200810] cloud-init[1057]: Cloud-init v. 18.2 running 'modules:config' at Tue, 07 Aug 2018 04:36:39 +0000. Up 43.12 seconds.
         Starting Hold until boot process finishes up...
         Starting OpenBSD Secure Shell server...
[[0;32m  OK  [0m] Started OpenBSD Secure Shell server.
[[0;32m  OK  [0m] Started Terminate Plymouth Boot Screen.
[[0;32m  OK  [0m] Started Hold until boot process finishes up.
[[0;32m  OK  [0m] Started Serial Getty on ttyS0.
[[0;32m  OK  [0m] Started Getty on tty1.
[[0;32m  OK  [0m] Reached target Login Prompts.
         Starting Set console scheme...
[[0;32m  OK  [0m] Started Set console scheme.
[[0;32m  OK  [0m] Created slice User Slice of vagrant.
[[0;32m  OK  [0m] Started Session 1 of user vagrant.
         Starting User Manager for UID 1000...
[[0;32m  OK  [0m] Started User Manager for UID 1000.
[[0;32m  OK  [0m] Started Wait until snapd is fully seeded.
[[0;32m  OK  [0m] Reached target Multi-User System.
         Starting Execute cloud user/final scripts...
[[0;32m  OK  [0m] Reached target Graphical Interface.
         Starting Update UTMP about System Runlevel Changes...
[[0;32m  OK  [0m] Started Update UTMPPabout System Runlevel Changes.
ci-info: no authorized ssh keys fingerprints found for user ubuntu.
<14>Aug  7 04:36:43 ec2: 
<14>Aug  7 04:36:43 ec2: #############################################################
<14>Aug  7 04:36:43 ec2: -----BEGIN SSH HOST KEY FINGERPRINTS-----
<14>Aug  7 04:36:43 ec2: 1024 SHA256:i3BMCaNQOKzK8AO61FRa68HrJAH1ukG6BZkh09CsvmU root@ubuntu-xenial (DSA)
<14>Aug  7 04:36:43 ec2: 256 SHA256:jek6MsPtbQ0HyD8Sv5SPk1aCeKaAXjViLW5waHZg3uQ root@ubuntu-xenial (ECDSA)
<14>Aug  7 04:36:43 ec2: 256 SHA256:zOPLOgWs02ZYzBOO0+ZKq5R6Wiik1NkgpTTm17kUZbk root@ubuntu-xenial (ED25519)
<14>Aug  7 04:36:43 ec2: 2048 SHA256:HJjDiQARw64IUQrwZL2evv7P2duUMXjZYvvXCEYxcRs root@ubuntu-xenial (RSA)
<14>Aug  7 04:36:43 ec2: -----END SSH HOST KEY FINGERPRINTS-----
<14>Aug  7 04:36:43 ec2: #############################################################
-----BEGIN SSH HOST KEY KEYS-----
ecdsa-sha2-nistp256 AAAAE2VjZHNhLXNoYTItbmlzdHAyNTYAAAAIbmlzdHAyNTYAAABBBNqF0LTjFoNcbEATkgMs52Ufg8LL0RtSorkdmA6kjFa/d0fmZvAutLYqiJELTUEya4lBOESloR3dwLc3quTZ4E0= root@ubuntu-xenial
ssh-ed25519 AAAAC3NzaC1lZDI1NTE5AAAAIM3Ds0W5JaOompBVTGGY+ji1YrOh/1qqQBOLX/jp7qDg root@ubuntu-xenial
ssh-rsa AAAAB3NzaC1yc2EAAAADAQABAAABAQDuPwXsMCviLkUaNT7HxKRpHeK0Q5dJ7IjREZBpCoyUAKvRHEtggEEmOZP5XItrMk9VJ13IOfJSsCtlW3+JvoSQ7N6+BvkL4mTShbWiRVPSPm97yJ7YlwIQpu+QpJUfmC+U2FCpJn3aSOfI/bhxlk1pxK9ATY2zf5RkjbOG+jn0VfCbRVXoep1K9CMiLfKqH0Va6CSydOCzlc1SK4h2GYX+RLnCxVeCImq8shks1NusB01UquQXwWI4uGD21711mILlHw9GVT8LPEXvklKyNLINkgJtTqOC9csn0F0V9eESboV4hKXEBS/UmsR1y/z//1uNXxCN2aDhE97V230fHeyr root@ubuntu-xenial
-----END SSH HOST KEY KEYS-----
[[0;32m  OK  [0m] Started Session 2 of user vagrant.
[[0;32m  OK  [0m] Started Execute cloud user/final scripts.
[   48.135631] cloud-init[1427]: Cloud-init v. 18.2 running 'modules:final' at Tue, 07 Aug 2018 04:36:43 +0000. Up 46.77 seconds.
[   48.429784] cloud-init[1427]: ci-info: no authorized ssh keys fingerprints found for user ubuntu.
[   48.430343] cloud-init[1427]: Cloud-init v. 18.2 finished at Tue, 07 Aug 2018 04:36:44 +0000. Datasource DataSourceNoCloud [seed=/dev/sdb][dsmode=net].  Up 48.12 seconds
[[0;32m  OK  [0m] Reached target Cloud-init target.

Ubuntu 16.04.5 LTS imageBuilder ttyS0

imageBuilder login: 